<?xml version="1.0" encoding="UTF-8"?>
<!-- Generated by org.testng.reporters.JUnitReportReporter -->
<testsuite hostname="DESKTOP-FUGEFD6" failures="0" tests="1" name="demoMaven.SampleDemo" time="0.011" errors="0" timestamp="2023-03-31T12:39:05 IST" skipped="0">
  <testcase classname="demoMaven.SampleDemo" name="test_01" time="0.011"/>
  <system-out/>
</testsuite> <!-- demoMaven.SampleDemo -->
